Microsoft HTML Help Compiler 4.74.8702

Compiling c:\Users\ivanr\Documents\GradjeIvan Documentation\GradjeIvan Documentation.chm

Content\GradjeIvan Documentation.htm
Content\API\GradjeIvan API.htm
Content\API\Dijalozi\dijalozi.htm
Content\API\Dijalozi\dijalozi-Dlg.htm
Content\API\Dijalozi\dijalozi-h.htm
Content\API\Dijalozi\dijalozi-tipovi.htm
Content\API\Geometrija\geometrija.htm
Content\API\Geometrija\geometrija-c.htm
Content\API\Geometrija\geometrija-ti.htm
Content\API\Geometrija\geometrija-tipovi.htm
Content\API\Geometrija\ParamCrt.htm
Content\API\Geometrija\unosgeom-funkcije.htm
Content\API\Graficko okruzenje\graficko okruzenje.htm
Content\API\ID kalkulatora\id kalkulatora.htm
Content\API\Matrice\matrice.htm
Content\API\Standardno\standardno.htm
Content\API\Tabela\tabela.htm
Content\Statika\GradjeIvan Statika API.htm
Content\Statika\GradjeIvan Statika Help.htm
Content\Statika\API\griinic\griinic.htm
Content\Statika\API\grimtprr\grimtprr.htm
Content\Statika\Help\Pokretanje programa.htm
Content\Statika\Help\Operacije sa fajlovima.htm
Content\Statika\API\statika-c\statika-c.htm
Content\Statika\GradjeIvan Statika.htm
Content\Statika\API\statika-tipovi.htm
Content\API\Geometrija\Parametri crtanja.png
Content\API\Graficko okruzenje\Graficko okruzenje.png
Content\Statika\Help\GRI_PRIMER_POKRETANJE_1.gif
Content\Statika\Help\GRI_PRIMER_POKRETANJE_2.gif
Content\Statika\Help\GRI_PRIMER_POKRETANJE_3.gif
Content\Statika\Help\GRI_PRIMER_POKRETANJE_4.gif
Content\Statika\Help\GRI_PRIMER_POKRETANJE_5.gif
Content\Statika\Help\GRI_PRIMER_FAJL_OTVARANJE.gif
Content\Statika\Help\GRI_PRIMER_FAJL_SACUVAJ_KAO.gif
Content\Statika\Help\GRI_PRIMER_FAJL_SACUVAJ.gif
Content\Statika\Help\GRI_PRIMER_FAJL_SACUVAJ_NEUSPESNO.gif
Content\gradjeivan.css
highlight\styles\agate.css
highlight\highlight.pack.js
Content\gradjeivan.js

Compile time: 0 minutes, 2 seconds
26	Topics
232	Local links
3	Internet links
11	Graphics


Created c:\Users\ivanr\Documents\GradjeIvan Documentation\GradjeIvan Documentation.chm, 279,876 bytes
Compression decreased file by 112,144 bytes.
