Microsoft HTML Help Compiler 4.74.8702

Compiling c:\Users\ivanr\Documents\GradjeIvan Documentation\GradjeIvan Documentation.chm

Content\GradjeIvan Documentation.htm
Content\API\GradjeIvan API.htm
Content\API\Dijalozi\dijalozi.htm
Content\API\Dijalozi\dijalozi-Dlg.htm
Content\API\Dijalozi\dijalozi-h.htm
Content\API\Dijalozi\dijalozi-tipovi.htm
Content\API\Geometrija\geometrija.htm
Content\API\Geometrija\geometrija-c.htm
Content\API\Geometrija\geometrija-ti.htm
Content\API\Geometrija\geometrija-tipovi.htm
Content\API\Geometrija\ParamCrt.htm
Content\API\Geometrija\unosgeom-funkcije.htm
Content\API\Graficko okruzenje\graficko okruzenje.htm
Content\API\ID kalkulatora\id kalkulatora.htm
Content\API\Matrice\matrice.htm
Content\API\Standardno\standardno.htm
Content\API\Tabela\tabela.htm
Content\Statika\GradjeIvan Statika API.htm
Content\Statika\GradjeIvan Statika Help.htm
Content\Statika\API\griinic\griinic.htm
Content\Statika\API\grimtprr\grimtprr.htm
Content\Statika\Help\Pokretanje programa.htm
Content\Statika\GradjeIvan Statika.htm
Content\API\Geometrija\Parametri crtanja.png
Content\API\Graficko okruzenje\Graficko okruzenje.png
Content\Statika\Help\GRI_PRIMER_POKRETANJE_1.gif
Content\gradjeivan.css

Compile time: 0 minutes, 2 seconds
23	Topics
209	Local links
0	Internet links
3	Graphics


Created c:\Users\ivanr\Documents\GradjeIvan Documentation\GradjeIvan Documentation.chm, 128,264 bytes
Compression decreased file by 42,215 bytes.
Microsoft HTML Help Compiler 4.74.8702

Compiling c:\Users\ivanr\Documents\GradjeIvan Documentation\GradjeIvan Documentation.chm

Content\GradjeIvan Documentation.htm
Content\API\GradjeIvan API.htm
Content\API\Dijalozi\dijalozi.htm
Content\API\Dijalozi\dijalozi-Dlg.htm
Content\API\Dijalozi\dijalozi-h.htm
Content\API\Dijalozi\dijalozi-tipovi.htm
Content\API\Geometrija\geometrija.htm
Content\API\Geometrija\geometrija-c.htm
Content\API\Geometrija\geometrija-ti.htm
Content\API\Geometrija\geometrija-tipovi.htm
Content\API\Geometrija\ParamCrt.htm
Content\API\Geometrija\unosgeom-funkcije.htm
Content\API\Graficko okruzenje\graficko okruzenje.htm
Content\API\ID kalkulatora\id kalkulatora.htm
Content\API\Matrice\matrice.htm
Content\API\Standardno\standardno.htm
Content\API\Tabela\tabela.htm
Content\Statika\GradjeIvan Statika API.htm
Content\Statika\GradjeIvan Statika Help.htm
Content\Statika\API\griinic\griinic.htm
Content\Statika\API\grimtprr\grimtprr.htm
Content\Statika\Help\Pokretanje programa.htm
Content\Statika\GradjeIvan Statika.htm
Content\API\Geometrija\Parametri crtanja.png
Content\API\Graficko okruzenje\Graficko okruzenje.png
Content\Statika\Help\GRI_PRIMER_POKRETANJE_1.gif
Content\gradjeivan.css

Compile time: 0 minutes, 2 seconds
23	Topics
209	Local links
0	Internet links
3	Graphics


Created c:\Users\ivanr\Documents\GradjeIvan Documentation\GradjeIvan Documentation.chm, 128,264 bytes
Compression decreased file by 42,215 bytes.
Microsoft HTML Help Compiler 4.74.8702

Compiling c:\Users\ivanr\Documents\GradjeIvan Documentation\GradjeIvan Documentation.chm

Content\GradjeIvan Documentation.htm
Content\API\GradjeIvan API.htm
Content\API\Dijalozi\dijalozi.htm
Content\API\Dijalozi\dijalozi-Dlg.htm
Content\API\Dijalozi\dijalozi-h.htm
Content\API\Dijalozi\dijalozi-tipovi.htm
Content\API\Geometrija\geometrija.htm
Content\API\Geometrija\geometrija-c.htm
Content\API\Geometrija\geometrija-ti.htm
Content\API\Geometrija\geometrija-tipovi.htm
Content\API\Geometrija\ParamCrt.htm
Content\API\Geometrija\unosgeom-funkcije.htm
Content\API\Graficko okruzenje\graficko okruzenje.htm
Content\API\ID kalkulatora\id kalkulatora.htm
Content\API\Matrice\matrice.htm
Content\API\Standardno\standardno.htm
Content\API\Tabela\tabela.htm
Content\Statika\GradjeIvan Statika API.htm
Content\Statika\GradjeIvan Statika Help.htm
Content\Statika\API\griinic\griinic.htm
Content\Statika\API\grimtprr\grimtprr.htm
Content\Statika\Help\Pokretanje programa.htm
Content\Statika\GradjeIvan Statika.htm
Content\API\Geometrija\Parametri crtanja.png
Content\API\Graficko okruzenje\Graficko okruzenje.png
Content\Statika\Help\GRI_PRIMER_POKRETANJE_1.gif
Content\Statika\Help\GRI_PRIMER_POKRETANJE_2.gif
Content\gradjeivan.css
Content\gradjeivan.js

Compile time: 0 minutes, 3 seconds
23	Topics
209	Local links
0	Internet links
4	Graphics


Created c:\Users\ivanr\Documents\GradjeIvan Documentation\GradjeIvan Documentation.chm, 133,072 bytes
Compression decreased file by 44,888 bytes.
Microsoft HTML Help Compiler 4.74.8702

Compiling c:\Users\ivanr\Documents\GradjeIvan Documentation\GradjeIvan Documentation.chm

Content\GradjeIvan Documentation.htm
Content\API\GradjeIvan API.htm
Content\API\Dijalozi\dijalozi.htm
Content\API\Dijalozi\dijalozi-Dlg.htm
Content\API\Dijalozi\dijalozi-h.htm
Content\API\Dijalozi\dijalozi-tipovi.htm
Content\API\Geometrija\geometrija.htm
Content\API\Geometrija\geometrija-c.htm
Content\API\Geometrija\geometrija-ti.htm
Content\API\Geometrija\geometrija-tipovi.htm
Content\API\Geometrija\ParamCrt.htm
Content\API\Geometrija\unosgeom-funkcije.htm
Content\API\Graficko okruzenje\graficko okruzenje.htm
Content\API\ID kalkulatora\id kalkulatora.htm
Content\API\Matrice\matrice.htm
Content\API\Standardno\standardno.htm
Content\API\Tabela\tabela.htm
Content\Statika\GradjeIvan Statika API.htm
Content\Statika\GradjeIvan Statika Help.htm
Content\Statika\API\griinic\griinic.htm
Content\Statika\API\grimtprr\grimtprr.htm
Content\Statika\Help\Pokretanje programa.htm
Content\Statika\GradjeIvan Statika.htm
Content\API\Geometrija\Parametri crtanja.png
Content\API\Graficko okruzenje\Graficko okruzenje.png
Content\Statika\Help\GRI_PRIMER_POKRETANJE_1.gif
Content\Statika\Help\GRI_PRIMER_POKRETANJE_2.gif
Content\Statika\Help\GRI_PRIMER_POKRETANJE_3.gif
Content\Statika\Help\GRI_PRIMER_POKRETANJE_4.gif
Content\gradjeivan.css
Content\gradjeivan.js

Compile time: 0 minutes, 2 seconds
23	Topics
209	Local links
0	Internet links
6	Graphics


Created c:\Users\ivanr\Documents\GradjeIvan Documentation\GradjeIvan Documentation.chm, 173,770 bytes
Compression decreased file by 54,338 bytes.
Microsoft HTML Help Compiler 4.74.8702

Compiling c:\Users\ivanr\Documents\GradjeIvan Documentation\GradjeIvan Documentation.chm

Content\GradjeIvan Documentation.htm
Content\API\GradjeIvan API.htm
Content\API\Dijalozi\dijalozi.htm
Content\API\Dijalozi\dijalozi-Dlg.htm
Content\API\Dijalozi\dijalozi-h.htm
Content\API\Dijalozi\dijalozi-tipovi.htm
Content\API\Geometrija\geometrija.htm
Content\API\Geometrija\geometrija-c.htm
Content\API\Geometrija\geometrija-ti.htm
Content\API\Geometrija\geometrija-tipovi.htm
Content\API\Geometrija\ParamCrt.htm
Content\API\Geometrija\unosgeom-funkcije.htm
Content\API\Graficko okruzenje\graficko okruzenje.htm
Content\API\ID kalkulatora\id kalkulatora.htm
Content\API\Matrice\matrice.htm
Content\API\Standardno\standardno.htm
Content\API\Tabela\tabela.htm
Content\Statika\GradjeIvan Statika API.htm
Content\Statika\GradjeIvan Statika Help.htm
Content\Statika\API\griinic\griinic.htm
Content\Statika\API\grimtprr\grimtprr.htm
Content\Statika\Help\Pokretanje programa.htm
Content\Statika\GradjeIvan Statika.htm
Content\API\Geometrija\Parametri crtanja.png
Content\API\Graficko okruzenje\Graficko okruzenje.png
Content\Statika\Help\GRI_PRIMER_POKRETANJE_1.gif
Content\Statika\Help\GRI_PRIMER_POKRETANJE_2.gif
Content\Statika\Help\GRI_PRIMER_POKRETANJE_3.gif
Content\Statika\Help\GRI_PRIMER_POKRETANJE_4.gif
Content\gradjeivan.css
Content\gradjeivan.js

Compile time: 0 minutes, 2 seconds
23	Topics
212	Local links
1	Internet link
6	Graphics


Created c:\Users\ivanr\Documents\GradjeIvan Documentation\GradjeIvan Documentation.chm, 174,644 bytes
Compression decreased file by 54,166 bytes.
